<?xml version="1.0" encoding="UTF-8"?>
<!-- Generated by org.testng.reporters.JUnitReportReporter -->
<testsuite hostname="LAPTOP-KQ19DK7F" failures="0" tests="1" name="OrangeTest" time="31.256" errors="0" timestamp="2021-07-15T20:21:11 IST" skipped="0">
  <testcase classname="OrangeTest" name="testcase" time="31.256"/>
  <system-out/>
</testsuite> <!-- OrangeTest -->
